2021-02-21 17:14:07 Loading main app package /tmp/.mount_obsidiUHt8MY/resources/obsidian.asar
2021-02-21 17:14:08 Checking for update using Github
2021-02-21 17:14:08 Success.
2021-02-21 17:14:08 Latest version is 0.11.0
2021-02-21 17:14:08 App is up to date.
2021-02-21 18:14:07 Checking for update using Github
2021-02-21 18:14:07 Success.
2021-02-21 18:14:07 Latest version is 0.11.0
2021-02-21 18:14:07 App is up to date.
2021-02-21 19:14:07 Checking for update using Github
2021-02-21 19:14:07 Success.
2021-02-21 19:14:07 Latest version is 0.11.0
2021-02-21 19:14:07 App is up to date.
2021-02-21 20:14:07 Checking for update using Github
2021-02-21 20:14:13 Success.
2021-02-21 20:14:13 Latest version is 0.11.0
2021-02-21 20:14:13 App is up to date.
2021-02-22 10:57:08 Loading main app package /tmp/.mount_obsidi8BMbqb/resources/obsidian.asar
2021-02-22 10:57:09 Checking for update using Github
2021-02-22 10:57:10 Success.
2021-02-22 10:57:10 Latest version is 0.11.0
2021-02-22 10:57:10 App is up to date.
2021-02-22 11:57:08 Checking for update using Github
2021-02-22 11:57:08 Success.
2021-02-22 11:57:08 Latest version is 0.11.0
2021-02-22 11:57:08 App is up to date.
2021-02-22 12:57:08 Checking for update using Github
2021-02-22 12:57:08 Success.
2021-02-22 12:57:08 Latest version is 0.11.0
2021-02-22 12:57:08 App is up to date.
2021-02-22 13:57:08 Checking for update using Github
2021-02-22 13:57:08 Success.
2021-02-22 13:57:08 Latest version is 0.11.0
2021-02-22 13:57:08 App is up to date.
2021-02-22 14:57:08 Checking for update using Github
2021-02-22 14:57:08 Success.
2021-02-22 14:57:08 Latest version is 0.11.0
2021-02-22 14:57:08 App is up to date.
2021-02-23 12:18:21 Loading main app package /tmp/.mount_obsidiVQxudk/resources/obsidian.asar
2021-02-23 12:18:22 Checking for update using Github
2021-02-23 12:18:23 Success.
2021-02-23 12:18:23 Latest version is 0.11.0
2021-02-23 12:18:23 App is up to date.
2021-02-23 13:18:21 Checking for update using Github
2021-02-23 13:18:22 Success.
2021-02-23 13:18:22 Latest version is 0.11.0
2021-02-23 13:18:22 App is up to date.
2021-02-23 14:18:21 Checking for update using Github
2021-02-23 14:18:22 Success.
2021-02-23 14:18:22 Latest version is 0.11.0
2021-02-23 14:18:22 App is up to date.
2021-02-23 17:08:37 Loading main app package /tmp/.mount_obsidiLYkaGe/resources/obsidian.asar
2021-02-23 17:08:38 Checking for update using Github
2021-02-23 17:08:39 Success.
2021-02-23 17:08:39 Latest version is 0.11.0
2021-02-23 17:08:39 App is up to date.
2021-02-23 18:08:37 Checking for update using Github
2021-02-23 18:08:37 Success.
2021-02-23 18:08:37 Latest version is 0.11.0
2021-02-23 18:08:37 App is up to date.
2021-02-23 19:08:37 Checking for update using Github
2021-02-23 19:08:37 Success.
2021-02-23 19:08:37 Latest version is 0.11.0
2021-02-23 19:08:37 App is up to date.
2021-02-24 08:31:23 Loading main app package /tmp/.mount_obsidiwi6QN5/resources/obsidian.asar
2021-02-24 08:31:24 Checking for update using Github
2021-02-24 08:31:25 Success.
2021-02-24 08:31:25 Latest version is 0.11.0
2021-02-24 08:31:25 App is up to date.
2021-02-24 09:31:23 Checking for update using Github
2021-02-24 09:31:23 Success.
2021-02-24 09:31:23 Latest version is 0.11.0
2021-02-24 09:31:23 App is up to date.
2021-02-24 10:31:23 Checking for update using Github
2021-02-24 10:31:23 Success.
2021-02-24 10:31:23 Latest version is 0.11.0
2021-02-24 10:31:23 App is up to date.
2021-02-24 11:31:23 Checking for update using Github
2021-02-24 11:31:23 Success.
2021-02-24 11:31:23 Latest version is 0.11.0
2021-02-24 11:31:23 App is up to date.
2021-02-24 12:31:23 Checking for update using Github
2021-02-24 12:31:24 Success.
2021-02-24 12:31:24 Latest version is 0.11.0
2021-02-24 12:31:24 App is up to date.
2021-02-24 13:31:23 Checking for update using Github
2021-02-24 13:31:24 Success.
2021-02-24 13:31:24 Latest version is 0.11.0
2021-02-24 13:31:24 App is up to date.
2021-02-24 18:51:57 Loading main app package /tmp/.mount_obsidiDU4nfh/resources/obsidian.asar
2021-02-24 18:52:03 Checking for update using Github
2021-02-24 18:52:11 Success.
2021-02-24 18:52:11 Latest version is 0.11.0
2021-02-24 18:52:11 App is up to date.
2021-02-24 19:51:58 Checking for update using Github
2021-02-24 19:52:03 Success.
2021-02-24 19:52:03 Latest version is 0.11.0
2021-02-24 19:52:03 App is up to date.
2021-02-25 17:32:53 Loading main app package /tmp/.mount_obsidisYN3SC/resources/obsidian.asar
2021-02-25 17:32:56 Checking for update using Github
2021-02-25 17:32:56 Success.
2021-02-25 17:32:56 Latest version is 0.11.0
2021-02-25 17:32:56 App is up to date.
2021-02-25 18:32:54 Checking for update using Github
2021-02-25 18:32:59 Success.
2021-02-25 18:32:59 Latest version is 0.11.0
2021-02-25 18:32:59 App is up to date.
2021-02-25 19:32:54 Checking for update using Github
2021-02-25 19:32:54 Success.
2021-02-25 19:32:54 Latest version is 0.11.0
2021-02-25 19:32:54 App is up to date.
2021-02-25 20:32:54 Checking for update using Github
2021-02-25 20:32:54 Success.
2021-02-25 20:32:54 Latest version is 0.11.0
2021-02-25 20:32:54 App is up to date.
2021-02-26 07:00:23 Loading main app package /tmp/.mount_obsidiDkgHHm/resources/obsidian.asar
2021-02-26 07:00:24 Checking for update using Github
2021-02-26 07:00:25 Success.
2021-02-26 07:00:25 Latest version is 0.11.0
2021-02-26 07:00:25 App is up to date.
2021-02-26 08:00:23 Checking for update using Github
2021-02-26 08:00:24 Success.
2021-02-26 08:00:24 Latest version is 0.11.0
2021-02-26 08:00:24 App is up to date.
2021-02-26 09:00:23 Checking for update using Github
2021-02-26 09:00:24 Success.
2021-02-26 09:00:24 Latest version is 0.11.0
2021-02-26 09:00:24 App is up to date.
2021-02-26 10:00:23 Checking for update using Github
2021-02-26 10:00:24 Success.
2021-02-26 10:00:24 Latest version is 0.11.0
2021-02-26 10:00:24 App is up to date.
2021-02-26 11:00:23 Checking for update using Github
2021-02-26 11:00:24 Success.
2021-02-26 11:00:24 Latest version is 0.11.0
2021-02-26 11:00:24 App is up to date.
2021-02-26 12:00:24 Checking for update using Github
2021-02-26 12:00:24 Success.
2021-02-26 12:00:24 Latest version is 0.11.0
2021-02-26 12:00:24 App is up to date.
2021-02-26 13:00:24 Checking for update using Github
2021-02-26 13:00:24 Success.
2021-02-26 13:00:24 Latest version is 0.11.0
2021-02-26 13:00:24 App is up to date.
2021-02-26 14:00:24 Checking for update using Github
2021-02-26 14:00:24 Success.
2021-02-26 14:00:24 Latest version is 0.11.0
2021-02-26 14:00:24 App is up to date.
2021-02-27 13:37:45 Loading main app package /tmp/.mount_obsidiLjMoCO/resources/obsidian.asar
2021-02-27 13:37:46 Checking for update using Github
2021-02-27 13:37:47 Success.
2021-02-27 13:37:47 Latest version is 0.11.0
2021-02-27 13:37:47 App is up to date.
2021-02-27 14:37:45 Checking for update using Github
2021-02-27 14:37:45 Success.
2021-02-27 14:37:45 Latest version is 0.11.0
2021-02-27 14:37:45 App is up to date.
2021-02-27 15:37:45 Checking for update using Github
2021-02-27 15:37:45 Success.
2021-02-27 15:37:45 Latest version is 0.11.0
2021-02-27 15:37:45 App is up to date.
2021-02-27 16:37:45 Checking for update using Github
2021-02-27 16:37:45 Success.
2021-02-27 16:37:45 Latest version is 0.11.0
2021-02-27 16:37:45 App is up to date.
2021-02-28 13:39:25 Loading main app package /tmp/.mount_obsidi49vxB1/resources/obsidian.asar
2021-02-28 13:39:26 Checking for update using Github
2021-02-28 13:39:27 Success.
2021-02-28 13:39:27 Latest version is 0.11.0
2021-02-28 13:39:27 App is up to date.
2021-02-28 14:39:25 Checking for update using Github
2021-02-28 14:39:25 Success.
2021-02-28 14:39:25 Latest version is 0.11.0
2021-02-28 14:39:25 App is up to date.
2021-02-28 15:39:25 Checking for update using Github
2021-02-28 15:39:31 Success.
2021-02-28 15:39:31 Latest version is 0.11.0
2021-02-28 15:39:31 App is up to date.
2021-02-28 16:39:25 Checking for update using Github
2021-02-28 16:39:31 Success.
2021-02-28 16:39:31 Latest version is 0.11.0
2021-02-28 16:39:31 App is up to date.
2021-02-28 17:39:26 Checking for update using Github
2021-02-28 17:39:31 Success.
2021-02-28 17:39:31 Latest version is 0.11.0
2021-02-28 17:39:31 App is up to date.
2021-02-28 18:39:26 Checking for update using Github
2021-02-28 18:39:26 Success.
2021-02-28 18:39:26 Latest version is 0.11.0
2021-02-28 18:39:26 App is up to date.
2021-02-28 19:39:26 Checking for update using Github
2021-02-28 19:39:26 Success.
2021-02-28 19:39:26 Latest version is 0.11.0
2021-02-28 19:39:26 App is up to date.
2021-02-28 20:39:26 Checking for update using Github
2021-02-28 20:39:26 Success.
2021-02-28 20:39:26 Latest version is 0.11.0
2021-02-28 20:39:26 App is up to date.
2021-02-28 21:39:26 Checking for update using Github
2021-02-28 21:39:31 Success.
2021-02-28 21:39:31 Latest version is 0.11.0
2021-02-28 21:39:31 App is up to date.
2021-02-28 22:39:26 Checking for update using Github
2021-02-28 22:39:31 Success.
2021-02-28 22:39:31 Latest version is 0.11.0
2021-02-28 22:39:31 App is up to date.
2021-02-28 23:39:26 Checking for update using Github
2021-02-28 23:39:26 Success.
2021-02-28 23:39:26 Latest version is 0.11.0
2021-02-28 23:39:26 App is up to date.
2021-03-01 00:39:26 Checking for update using Github
2021-03-01 00:39:26 Success.
2021-03-01 00:39:26 Latest version is 0.11.0
2021-03-01 00:39:26 App is up to date.
2021-03-01 01:39:26 Checking for update using Github
2021-03-01 01:39:26 Success.
2021-03-01 01:39:26 Latest version is 0.11.0
2021-03-01 01:39:26 App is up to date.
2021-03-01 02:39:26 Checking for update using Github
2021-03-01 02:39:31 Success.
2021-03-01 02:39:31 Latest version is 0.11.0
2021-03-01 02:39:31 App is up to date.
2021-03-01 03:39:26 Checking for update using Github
2021-03-01 03:39:26 Success.
2021-03-01 03:39:26 Latest version is 0.11.0
2021-03-01 03:39:26 App is up to date.
2021-03-01 04:39:26 Checking for update using Github
2021-03-01 04:39:26 Success.
2021-03-01 04:39:26 Latest version is 0.11.0
2021-03-01 04:39:26 App is up to date.
2021-03-01 05:39:26 Checking for update using Github
2021-03-01 05:39:26 Success.
2021-03-01 05:39:26 Latest version is 0.11.0
2021-03-01 05:39:26 App is up to date.
2021-03-01 06:24:42 Loading main app package /tmp/.mount_obsidi50vWIi/resources/obsidian.asar
2021-03-01 06:24:44 Checking for update using Github
2021-03-01 06:24:45 Success.
2021-03-01 06:24:45 Latest version is 0.11.0
2021-03-01 06:24:45 App is up to date.
2021-03-01 07:24:42 Checking for update using Github
2021-03-01 07:24:42 Success.
2021-03-01 07:24:42 Latest version is 0.11.0
2021-03-01 07:24:42 App is up to date.
2021-03-01 08:24:42 Checking for update using Github
2021-03-01 08:24:42 Success.
2021-03-01 08:24:42 Latest version is 0.11.0
2021-03-01 08:24:42 App is up to date.
2021-03-01 09:24:42 Checking for update using Github
2021-03-01 09:24:43 Success.
2021-03-01 09:24:43 Latest version is 0.11.0
2021-03-01 09:24:43 App is up to date.
2021-03-01 10:24:42 Checking for update using Github
2021-03-01 10:24:42 Success.
2021-03-01 10:24:42 Latest version is 0.11.0
2021-03-01 10:24:42 App is up to date.
2021-03-01 11:24:42 Checking for update using Github
2021-03-01 11:24:42 Success.
2021-03-01 11:24:42 Latest version is 0.11.0
2021-03-01 11:24:42 App is up to date.
2021-03-01 12:24:42 Checking for update using Github
2021-03-01 12:24:42 Success.
2021-03-01 12:24:42 Latest version is 0.11.0
2021-03-01 12:24:42 App is up to date.
2021-03-01 13:24:42 Checking for update using Github
2021-03-01 13:24:42 Success.
2021-03-01 13:24:42 Latest version is 0.11.0
2021-03-01 13:24:42 App is up to date.
2021-03-01 14:24:42 Checking for update using Github
2021-03-01 14:24:43 Success.
2021-03-01 14:24:43 Latest version is 0.11.0
2021-03-01 14:24:43 App is up to date.
2021-03-02 08:58:39 Loading main app package /tmp/.mount_obsidikfzHoZ/resources/obsidian.asar
2021-03-02 08:58:41 Checking for update using Github
2021-03-02 08:58:41 Success.
2021-03-02 08:58:41 Latest version is 0.11.0
2021-03-02 08:58:41 App is up to date.
2021-03-02 09:58:39 Checking for update using Github
2021-03-02 09:58:39 Success.
2021-03-02 09:58:39 Latest version is 0.11.0
2021-03-02 09:58:39 App is up to date.
2021-03-02 10:58:39 Checking for update using Github
2021-03-02 10:58:39 Success.
2021-03-02 10:58:39 Latest version is 0.11.0
2021-03-02 10:58:39 App is up to date.
2021-03-02 11:58:39 Checking for update using Github
2021-03-02 11:58:39 Success.
2021-03-02 11:58:39 Latest version is 0.11.0
2021-03-02 11:58:39 App is up to date.
2021-03-02 12:58:39 Checking for update using Github
2021-03-02 12:58:39 Success.
2021-03-02 12:58:39 Latest version is 0.11.0
2021-03-02 12:58:39 App is up to date.
2021-03-02 13:58:39 Checking for update using Github
2021-03-02 13:58:39 Success.
2021-03-02 13:58:39 Latest version is 0.11.0
2021-03-02 13:58:39 App is up to date.
2021-03-04 13:47:08 Loading main app package /tmp/.mount_obsidifphiAI/resources/obsidian.asar
2021-03-04 13:47:10 Checking for update using Github
2021-03-04 13:47:11 Success.
2021-03-04 13:47:11 Latest version is 0.11.3
2021-03-04 13:47:11 Downloading update from https://github.com/obsidianmd/obsidian-releases/releases/download/v0.11.3/obsidian-0.11.3.asar.gz
2021-03-04 13:47:14 Verifying hash & signature
2021-03-04 13:47:14 Saving file
2021-03-04 13:47:15 Update complete.
2021-03-05 19:06:05 Loading updated app package /home/ByteWaiser/.config/obsidian/obsidian-0.11.3.asar
2021-03-05 19:06:06 Checking for update using Github
2021-03-05 19:06:07 Success.
2021-03-05 19:06:07 Latest version is 0.11.3
2021-03-05 19:06:07 App is up to date.
2021-03-05 19:11:44 Loading updated app package /home/ByteWaiser/.config/obsidian/obsidian-0.11.3.asar
2021-03-05 19:11:44 Checking for update using Github
2021-03-05 19:11:45 Success.
2021-03-05 19:11:45 Latest version is 0.11.3
2021-03-05 19:11:45 App is up to date.
